{"level":"info","message":"Server running on port 3000 in development mode","timestamp":"2025-02-25T06:07:00.562Z"}
{"level":"info","message":"MongoDB connected successfully","timestamp":"2025-02-25T06:07:01.856Z"}
{"level":"info","message":"New user registered: testuser","timestamp":"2025-02-25T06:22:55.496Z"}
{"level":"info","message":"User logged in: testuser","timestamp":"2025-02-25T06:25:09.012Z"}
{"level":"info","message":"Task created: Complete backend API by user testuser","timestamp":"2025-02-25T06:28:03.273Z"}
{"level":"info","message":"Retrieved task 67bd62f36296607702632aad for user testuser","timestamp":"2025-02-25T06:31:20.241Z"}
{"level":"info","message":"Updated task 67bd62f36296607702632aad by user testuser","timestamp":"2025-02-25T06:33:31.686Z"}
{"level":"info","message":"Deleted task 67bd62f36296607702632aad by user testuser","timestamp":"2025-02-25T06:34:23.739Z"}
{"level":"info","message":"Task created: Complete backend API by user testuser","timestamp":"2025-02-25T06:34:54.833Z"}
{"level":"info","message":"Server running on port 3000 in development mode","timestamp":"2025-02-25T06:36:00.542Z"}
{"level":"info","message":"MongoDB connected successfully","timestamp":"2025-02-25T06:36:01.134Z"}
{"level":"error","message":"Task creation error: AuditLog is not defined","timestamp":"2025-02-25T06:36:26.599Z"}
{"level":"info","message":"Server running on port 3000 in development mode","timestamp":"2025-02-25T06:36:54.417Z"}
{"level":"info","message":"MongoDB connected successfully","timestamp":"2025-02-25T06:36:54.565Z"}
{"level":"info","message":"Task created: Complete backend API by user testuser","timestamp":"2025-02-25T06:36:56.034Z"}
{"level":"info","message":"Retrieved task 67bd6507446be8539c24e6b2 for user testuser","timestamp":"2025-02-25T06:37:23.295Z"}
{"level":"info","message":"Server running on port 3000 in development mode","timestamp":"2025-02-25T06:40:53.183Z"}
{"level":"info","message":"MongoDB connected successfully","timestamp":"2025-02-25T06:40:53.241Z"}
{"level":"info","message":"Retrieved task 67bd6507446be8539c24e6b2 for user testuser","timestamp":"2025-02-25T06:41:07.714Z"}
{"level":"info","message":"Retrieved 3 tasks for user testuser","timestamp":"2025-02-25T06:44:28.274Z"}
{"level":"info","message":"Server running on port 3000 in development mode","timestamp":"2025-02-25T06:46:51.900Z"}
{"level":"info","message":"MongoDB connected successfully","timestamp":"2025-02-25T06:46:52.176Z"}
{"level":"info","message":"Retrieved 3 tasks for user testuser","timestamp":"2025-02-25T06:47:01.295Z"}
